noisefit_colorfit_pro/build/intermediates/manifest_merge_blame_file/debug/manifest-merger-blame-debug-report.txt
1<?xml version="1.0" encoding="utf-8"?>
2<manifest xmlns:android="http://schemas.android.com/apk/res/android"
3    xmlns:tools="http://schemas.android.com/tools"
4    package="com.noisefit_colorfit_pro" > <!-- <service -->
5    <!-- android:name = "com.realsil.sdk.dfu.DfuService=" -->
6    <!-- android:enabled = "true" -->
7    <!-- android:exported = "false" -->
8    <!-- /> -->
9    <!-- <application> -->
10    <!-- </application> -->
11    <uses-sdk android:minSdkVersion="23" />
11-->src/main/AndroidManifest.xml
12
13    <uses-permission android:name="android.permission.BLUETOOTH_CONNECT" />
13-->src/main/AndroidManifest.xml:6:5-76
13-->src/main/AndroidManifest.xml:6:22-73
14
15</manifest>